{"D:\\code\\git\\learnSome\\jest-test\\src\\01\\baojian.js": {"path":"D:\\code\\git\\learnSome\\jest-test\\src\\01\\baojian.js","statementMap":{"0":{"start":{"line":2,"column":4},"end":{"line":2,"column":40}},"1":{"start":{"line":6,"column":4},"end":{"line":6,"column":41}},"2":{"start":{"line":9,"column":0},"end":{"line":11,"column":1}}},"fnMap":{"0":{"name":"baojian1","decl":{"start":{"line":1,"column":9},"end":{"line":1,"column":17}},"loc":{"start":{"line":1,"column":25},"end":{"line":3,"column":1}},"line":1},"1":{"name":"baojian2","decl":{"start":{"line":5,"column":9},"end":{"line":5,"column":17}},"loc":{"start":{"line":5,"column":25},"end":{"line":7,"column":1}},"line":5}},"branchMap":{"0":{"loc":{"start":{"line":2,"column":11},"end":{"line":2,"column":40}},"type":"cond-expr","locations":[{"start":{"line":2,"column":25},"end":{"line":2,"column":31}},{"start":{"line":2,"column":34},"end":{"line":2,"column":40}}],"line":2},"1":{"loc":{"start":{"line":6,"column":11},"end":{"line":6,"column":41}},"type":"cond-expr","locations":[{"start":{"line":6,"column":26},"end":{"line":6,"column":32}},{"start":{"line":6,"column":35},"end":{"line":6,"column":41}}],"line":6}},"s":{"0":1,"1":1,"2":1},"f":{"0":1,"1":1},"b":{"0":[0,1],"1":[0,1]},"_coverageSchema":"43e27e138ebf9cfc5966b082cf9a028302ed4184","hash":"380c2ef05f74e6aecd8b30efa5e13b56b6b79ad2"}
}
